<?xml version="1.0" encoding="UTF-8"?>
<!-- Generated by org.testng.reporters.JUnitReportReporter -->
<testsuite hostname="LAPTOP-5MH8LL1I" failures="0" tests="1" name="MystoreTestCases.FilterSize_TC" time="23.565" errors="0" timestamp="2023-03-27T14:11:24 IST" skipped="0">
  <testcase classname="MystoreTestCases.FilterSize_TC" name="filterSize" time="23.565"/>
  <system-out/>
</testsuite> <!-- MystoreTestCases.FilterSize_TC -->
