<?xml version="1.0" encoding="UTF-8"?>
<!-- Generated by org.testng.reporters.JUnitReportReporter -->
<testsuite hostname="LAPTOP-5MH8LL1I" failures="0" tests="1" name="myStoreTestCases.MystoreAllProductsCategory_TC" time="14.665" errors="0" timestamp="2023-03-27T14:11:24 IST" skipped="0">
  <testcase classname="myStoreTestCases.MystoreAllProductsCategory_TC" name="beautyProducts" time="14.665"/>
  <system-out/>
</testsuite> <!-- myStoreTestCases.MystoreAllProductsCategory_TC -->
