<?xml version="1.0" encoding="UTF-8"?>
<!-- Generated by org.testng.reporters.JUnitReportReporter -->
<testsuite hostname="LAPTOP-5MH8LL1I" failures="0" tests="1" name="myStoreTestCases.AddQuantity_TC" time="8.041" errors="0" timestamp="2023-03-27T14:11:24 IST" skipped="0">
  <testcase classname="myStoreTestCases.AddQuantity_TC" name="addQuantity" time="8.041"/>
  <system-out/>
</testsuite> <!-- myStoreTestCases.AddQuantity_TC -->
