<?xml version="1.0" encoding="UTF-8"?>
<!-- Generated by org.testng.reporters.JUnitReportReporter -->
<testsuite hostname="LAPTOP-5MH8LL1I" failures="0" tests="1" name="myStoreTestCases.LowToHighSorting_TC" time="19.416" errors="0" timestamp="2023-03-27T14:11:24 IST" skipped="0">
  <testcase classname="myStoreTestCases.LowToHighSorting_TC" name="priceLowToHigh" time="19.416"/>
  <system-out/>
</testsuite> <!-- myStoreTestCases.LowToHighSorting_TC -->
