<?xml version="1.0" encoding="UTF-8"?>
<!-- Generated by org.testng.reporters.JUnitReportReporter -->
<testsuite hostname="LAPTOP-5MH8LL1I" failures="0" tests="1" name="MystoreTestCases.DeleteCart_TC" time="13.394" errors="0" timestamp="2023-03-27T14:11:24 IST" skipped="0">
  <testcase classname="MystoreTestCases.DeleteCart_TC" name="deleteCart" time="13.394"/>
  <system-out/>
</testsuite> <!-- MystoreTestCases.DeleteCart_TC -->
