<?xml version="1.0" encoding="UTF-8"?>
<!-- Generated by org.testng.reporters.JUnitReportReporter -->
<testsuite hostname="LAPTOP-5MH8LL1I" failures="0" tests="1" name="myStoreTestCases.LessQuantity_TC" time="6.857" errors="0" timestamp="2023-03-27T14:11:24 IST" skipped="0">
  <testcase classname="myStoreTestCases.LessQuantity_TC" name="addQuantity" time="6.857"/>
  <system-out/>
</testsuite> <!-- myStoreTestCases.LessQuantity_TC -->
