<?xml version="1.0" encoding="UTF-8"?>
<!-- Generated by org.testng.reporters.JUnitReportReporter -->
<testsuite hostname="LAPTOP-5MH8LL1I" failures="0" tests="1" name="MystoreTestCases.InvalidSearch_TC" time="13.528" errors="0" timestamp="2023-03-27T14:11:24 IST" skipped="0">
  <testcase classname="MystoreTestCases.InvalidSearch_TC" name="validSearch" time="13.528"/>
  <system-out/>
</testsuite> <!-- MystoreTestCases.InvalidSearch_TC -->
