<?xml version="1.0" encoding="UTF-8"?>
<!-- Generated by org.testng.reporters.JUnitReportReporter -->
<testsuite hostname="LAPTOP-5MH8LL1I" failures="0" tests="1" name="myStoreTestCases.Login_TC" time="12.395" errors="0" timestamp="2023-03-27T14:11:24 IST" skipped="0">
  <testcase classname="myStoreTestCases.Login_TC" name="login" time="12.395"/>
  <system-out/>
</testsuite> <!-- myStoreTestCases.Login_TC -->
